# JRE version: OpenJDK Runtime Environment (8.0_152-b01) (build 1.8.0_152-release-1248-b01)
# Java VM: OpenJDK 64-Bit Server VM (25.152-b01 mixed mode windows-amd64 compressed oops)
Heap:
 par new generation   total 78656K, used 21425K [0x00000006f3000000, 0x00000006f8550000, 0x0000000707cc0000)
  eden space 69952K,  23% used [0x00000006f3000000, 0x00000006f405fd70, 0x00000006f7450000)
  from space 8704K,  53% used [0x00000006f7cd0000, 0x00000006f815c890, 0x00000006f8550000)
  to   space 8704K,   0% used [0x00000006f7450000, 0x00000006f7450000, 0x00000006f7cd0000)
 concurrent mark-sweep generation total 545044K, used 418902K [0x0000000707cc0000, 0x0000000729105000, 0x00000007c0000000)
 Metaspace       used 310183K, capacity 328526K, committed 328804K, reserved 1335296K
  class space    used 39882K, capacity 43141K, committed 43168K, reserved 1048576K
GC Heap History (10 events):
Event: 28647.956 GC heap before
{Heap before GC invocations=270 (full 13):
 par new generation   total 78656K, used 75815K [0x00000006f3000000, 0x00000006f8550000, 0x0000000707cc0000)
  eden space 69952K, 100% used [0x00000006f3000000, 0x00000006f7450000, 0x00000006f7450000)
  from space 8704K,  67% used [0x00000006f7450000, 0x00000006f7a09cd0, 0x00000006f7cd0000)
  to   space 8704K,   0% used [0x00000006f7cd0000, 0x00000006f7cd0000, 0x00000006f8550000)
 concurrent mark-sweep generation total 545044K, used 415754K [0x0000000707cc0000, 0x0000000729105000, 0x00000007c0000000)
 Metaspace       used 309907K, capacity 328144K, committed 328548K, reserved 1335296K
  class space    used 39853K, capacity 43072K, committed 43168K, reserved 1048576K
Event: 28647.968 GC heap after
Heap after GC invocations=271 (full 13):
 par new generation   total 78656K, used 6086K [0x00000006f3000000, 0x00000006f8550000, 0x0000000707cc0000)
  eden space 69952K,   0% used [0x00000006f3000000, 0x00000006f3000000, 0x00000006f7450000)
  from space 8704K,  69% used [0x00000006f7cd0000, 0x00000006f82c1aa0, 0x00000006f8550000)
  to   space 8704K,   0% used [0x00000006f7450000, 0x00000006f7450000, 0x00000006f7cd0000)
 concurrent mark-sweep generation total 545044K, used 415754K [0x0000000707cc0000, 0x0000000729105000, 0x00000007c0000000)
 Metaspace       used 309907K, capacity 328144K, committed 328548K, reserved 1335296K
  class space    used 39853K, capacity 43072K, committed 43168K, reserved 1048576K
}
Event: 28729.836 GC heap before
{Heap before GC invocations=271 (full 13):
 par new generation   total 78656K, used 76038K [0x00000006f3000000, 0x00000006f8550000, 0x0000000707cc0000)
  eden space 69952K, 100% used [0x00000006f3000000, 0x00000006f7450000, 0x00000006f7450000)
  from space 8704K,  69% used [0x00000006f7cd0000, 0x00000006f82c1aa0, 0x00000006f8550000)
  to   space 8704K,   0% used [0x00000006f7450000, 0x00000006f7450000, 0x00000006f7cd0000)
 concurrent mark-sweep generation total 545044K, used 415754K [0x0000000707cc0000, 0x0000000729105000, 0x00000007c0000000)
 Metaspace       used 309991K, capacity 328242K, committed 328548K, reserved 1335296K
  class space    used 39862K, capacity 43105K, committed 43168K, reserved 1048576K
Event: 28730.507 GC heap after
Heap after GC invocations=272 (full 13):
 par new generation   total 78656K, used 3935K [0x00000006f3000000, 0x00000006f8550000, 0x0000000707cc0000)
  eden space 69952K,   0% used [0x00000006f3000000, 0x00000006f3000000, 0x00000006f7450000)
  from space 8704K,  45% used [0x00000006f7450000, 0x00000006f7827e00, 0x00000006f7cd0000)
  to   space 8704K,   0% used [0x00000006f7cd0000, 0x00000006f7cd0000, 0x00000006f8550000)
 concurrent mark-sweep generation total 545044K, used 417954K [0x0000000707cc0000, 0x0000000729105000, 0x00000007c0000000)
 Metaspace       used 309991K, capacity 328242K, committed 328548K, reserved 1335296K
  class space    used 39862K, capacity 43105K, committed 43168K, reserved 1048576K
}
Event: 28902.940 GC heap before
{Heap before GC invocations=272 (full 13):
 par new generation   total 78656K, used 73887K [0x00000006f3000000, 0x00000006f8550000, 0x0000000707cc0000)
  eden space 69952K, 100% used [0x00000006f3000000, 0x00000006f7450000, 0x00000006f7450000)
  from space 8704K,  45% used [0x00000006f7450000, 0x00000006f7827e00, 0x00000006f7cd0000)
  to   space 8704K,   0% used [0x00000006f7cd0000, 0x00000006f7cd0000, 0x00000006f8550000)
 concurrent mark-sweep generation total 545044K, used 417954K [0x0000000707cc0000, 0x0000000729105000, 0x00000007c0000000)
 Metaspace       used 310036K, capacity 328302K, committed 328548K, reserved 1335296K
  class space    used 39868K, capacity 43115K, committed 43168K, reserved 1048576K
Event: 28903.442 GC heap after
Heap after GC invocations=273 (full 13):
 par new generation   total 78656K, used 2958K [0x00000006f3000000, 0x00000006f8550000, 0x0000000707cc0000)
  eden space 69952K,   0% used [0x00000006f3000000, 0x00000006f3000000, 0x00000006f7450000)
  from space 8704K,  33% used [0x00000006f7cd0000, 0x00000006f7fb3880, 0x00000006f8550000)
  to   space 8704K,   0% used [0x00000006f7450000, 0x00000006f7450000, 0x00000006f7cd0000)
 concurrent mark-sweep generation total 545044K, used 418464K [0x0000000707cc0000, 0x0000000729105000, 0x00000007c0000000)
 Metaspace       used 310036K, capacity 328302K, committed 328548K, reserved 1335296K
  class space    used 39868K, capacity 43115K, committed 43168K, reserved 1048576K
}
Event: 28909.128 GC heap before
{Heap before GC invocations=273 (full 13):
 par new generation   total 78656K, used 72910K [0x00000006f3000000, 0x00000006f8550000, 0x0000000707cc0000)
  eden space 69952K, 100% used [0x00000006f3000000, 0x00000006f7450000, 0x00000006f7450000)
  from space 8704K,  33% used [0x00000006f7cd0000, 0x00000006f7fb3880, 0x00000006f8550000)
  to   space 8704K,   0% used [0x00000006f7450000, 0x00000006f7450000, 0x00000006f7cd0000)
 concurrent mark-sweep generation total 545044K, used 418464K [0x0000000707cc0000, 0x0000000729105000, 0x00000007c0000000)
 Metaspace       used 310155K, capacity 328520K, committed 328804K, reserved 1335296K
  class space    used 39882K, capacity 43140K, committed 43168K, reserved 1048576K
Event: 28909.187 GC heap after
Heap after GC invocations=274 (full 13):
 par new generation   total 78656K, used 3497K [0x00000006f3000000, 0x00000006f8550000, 0x0000000707cc0000)
  eden space 69952K,   0% used [0x00000006f3000000, 0x00000006f3000000, 0x00000006f7450000)
  from space 8704K,  40% used [0x00000006f7450000, 0x00000006f77ba4b8, 0x00000006f7cd0000)
  to   space 8704K,   0% used [0x00000006f7cd0000, 0x00000006f7cd0000, 0x00000006f8550000)
 concurrent mark-sweep generation total 545044K, used 418732K [0x0000000707cc0000, 0x0000000729105000, 0x00000007c0000000)
 Metaspace       used 310155K, capacity 328520K, committed 328804K, reserved 1335296K
  class space    used 39882K, capacity 43140K, committed 43168K, reserved 1048576K
}
Event: 29083.363 GC heap before
{Heap before GC invocations=274 (full 13):
 par new generation   total 78656K, used 73449K [0x00000006f3000000, 0x00000006f8550000, 0x0000000707cc0000)
  eden space 69952K, 100% used [0x00000006f3000000, 0x00000006f7450000, 0x00000006f7450000)
  from space 8704K,  40% used [0x00000006f7450000, 0x00000006f77ba4b8, 0x00000006f7cd0000)
  to   space 8704K,   0% used [0x00000006f7cd0000, 0x00000006f7cd0000, 0x00000006f8550000)
 concurrent mark-sweep generation total 545044K, used 418732K [0x0000000707cc0000, 0x0000000729105000, 0x00000007c0000000)
 Metaspace       used 310172K, capacity 328526K, committed 328804K, reserved 1335296K
  class space    used 39882K, capacity 43141K, committed 43168K, reserved 1048576K
Event: 29083.389 GC heap after
Heap after GC invocations=275 (full 13):
 par new generation   total 78656K, used 4658K [0x00000006f3000000, 0x00000006f8550000, 0x0000000707cc0000)
  eden space 69952K,   0% used [0x00000006f3000000, 0x00000006f3000000, 0x00000006f7450000)
  from space 8704K,  53% used [0x00000006f7cd0000, 0x00000006f815c890, 0x00000006f8550000)
  to   space 8704K,   0% used [0x00000006f7450000, 0x00000006f7450000, 0x00000006f7cd0000)
 concurrent mark-sweep generation total 545044K, used 418902K [0x0000000707cc0000, 0x0000000729105000, 0x00000007c0000000)
 Metaspace       used 310172K, capacity 328526K, committed 328804K, reserved 1335296K
  class space    used 39882K, capacity 43141K, committed 43168K, reserved 1048576K
}

